app/build/intermediates/manifest_merge_blame_file/debug/manifest-merger-blame-debug-report.txt
1<?xml version="1.0" encoding="utf-8"?>
2<manifest xmlns:android="http://schemas.android.com/apk/res/android"
3    package="com.example.flutterandroiddemo"
4    android:versionCode="1"
5    android:versionName="1.0" >
6
7    <uses-sdk
8        android:minSdkVersion="21"
8-->src/main/AndroidManifest.xml
9        android:targetSdkVersion="29" />
9-->src/main/AndroidManifest.xml
10
11    <uses-permission android:name="android.permission.INTERNET" />
11-->[com.example.my_flutter:flutter_debug:1.0] AndroidManifest.xml:13:5-67
11-->[com.example.my_flutter:flutter_debug:1.0] AndroidManifest.xml:13:22-64
12
13    <application
13-->src/main/AndroidManifest.xml:5:5-26:19
14        android:allowBackup="true"
14-->src/main/AndroidManifest.xml:6:9-35
15        android:appComponentFactory="androidx.core.app.CoreComponentFactory"
15-->[androidx.core:core:1.1.0] AndroidManifest.xml:24:18-86
16        android:debuggable="true"
17        android:icon="@mipmap/ic_launcher"
17-->src/main/AndroidManifest.xml:7:9-43
18        android:label="@string/app_name"
18-->src/main/AndroidManifest.xml:8:9-41
19        android:roundIcon="@mipmap/ic_launcher_round"
19-->src/main/AndroidManifest.xml:9:9-54
20        android:supportsRtl="true"
20-->src/main/AndroidManifest.xml:10:9-35
21        android:theme="@style/AppTheme" >
21-->src/main/AndroidManifest.xml:11:9-40
22        <activity android:name="com.example.flutterandroiddemo.CustomFlutter" />
22-->src/main/AndroidManifest.xml:12:9-60
22-->src/main/AndroidManifest.xml:12:19-48
23        <activity
23-->src/main/AndroidManifest.xml:13:9-18:58
24            android:name="io.flutter.embedding.android.FlutterActivity"
24-->src/main/AndroidManifest.xml:14:13-72
25            android:configChanges="orientation|keyboardHidden|keyboard|screenSize|locale|layoutDirection|fontScale|screenLayout|density|uiMode"
25-->src/main/AndroidManifest.xml:15:13-144
26            android:hardwareAccelerated="true"
26-->src/main/AndroidManifest.xml:16:13-47
27            android:theme="@style/AppTheme"
27-->src/main/AndroidManifest.xml:17:13-44
28            android:windowSoftInputMode="adjustResize" />
28-->src/main/AndroidManifest.xml:18:13-55
29        <activity android:name="com.example.flutterandroiddemo.MainActivity" >
29-->src/main/AndroidManifest.xml:19:9-25:20
29-->src/main/AndroidManifest.xml:19:19-47
30            <intent-filter>
30-->src/main/AndroidManifest.xml:20:13-24:29
31                <action android:name="android.intent.action.MAIN" />
31-->src/main/AndroidManifest.xml:21:17-69
31-->src/main/AndroidManifest.xml:21:25-66
32
33                <category android:name="android.intent.category.LAUNCHER" />
33-->src/main/AndroidManifest.xml:23:17-77
33-->src/main/AndroidManifest.xml:23:27-74
34            </intent-filter>
35        </activity>
36
37        <meta-data
37-->[com.example.my_flutter:flutter_debug:1.0] AndroidManifest.xml:16:9-18:38
38            android:name="flutterProjectType"
38-->[com.example.my_flutter:flutter_debug:1.0] AndroidManifest.xml:17:13-46
39            android:value="module" />
39-->[com.example.my_flutter:flutter_debug:1.0] AndroidManifest.xml:18:13-35
40        <!--
41           Don't delete the meta-data below.
42           It is used by the Flutter tool to generate GeneratedPluginRegistrant.java
43        -->
44        <meta-data
44-->[com.example.my_flutter:flutter_debug:1.0] AndroidManifest.xml:23:9-25:33
45            android:name="flutterEmbedding"
45-->[com.example.my_flutter:flutter_debug:1.0] AndroidManifest.xml:24:13-44
46            android:value="2" />
46-->[com.example.my_flutter:flutter_debug:1.0] AndroidManifest.xml:25:13-30
47    </application>
48
49</manifest>